<?xml version="1.0" encoding="UTF-8"?>
<testsuite xmlns:xsi="http://www.w3.org/2001/XMLSchema-instance" xsi:noNamespaceSchemaLocation="https://maven.apache.org/surefire/maven-surefire-plugin/xsd/surefire-test-report-3.0.xsd" version="3.0" name="org.hl7.fhir.examples.validation.ValidationEngineTest" time="0.016" tests="1" errors="1" skipped="0" failures="0">
  <properties>
    <property name="java.specification.version" value="17"/>
    <property name="sun.jnu.encoding" value="UTF-8"/>
    <property name="java.class.path" value="/Users/david.otasek/IdeaFhirCoreLibraries/fhir-core-examples/target/test-classes:/Users/david.otasek/IdeaFhirCoreLibraries/fhir-core-examples/target/classes:/Users/david.otasek/.m2/repository/ca/uhn/hapi/fhir/org.hl7.fhir.validation/5.6.84/org.hl7.fhir.validation-5.6.84.jar:/Users/david.otasek/.m2/repository/ca/uhn/hapi/fhir/hapi-fhir-base/5.4.0/hapi-fhir-base-5.4.0.jar:/Users/david.otasek/.m2/repository/org/apache/commons/commons-lang3/3.12.0/commons-lang3-3.12.0.jar:/Users/david.otasek/.m2/repository/org/apache/commons/commons-text/1.9/commons-text-1.9.jar:/Users/david.otasek/.m2/repository/commons-codec/commons-codec/1.15/commons-codec-1.15.jar:/Users/david.otasek/.m2/repository/commons-io/commons-io/2.8.0/commons-io-2.8.0.jar:/Users/david.otasek/.m2/repository/org/slf4j/slf4j-api/1.7.30/slf4j-api-1.7.30.jar:/Users/david.otasek/.m2/repository/org/slf4j/jcl-over-slf4j/1.7.30/jcl-over-slf4j-1.7.30.jar:/Users/david.otasek/.m2/repository/com/google/code/findbugs/jsr305/3.0.2/jsr305-3.0.2.jar:/Users/david.otasek/.m2/repository/ca/uhn/hapi/fhir/org.hl7.fhir.utilities/5.6.84/org.hl7.fhir.utilities-5.6.84.jar:/Users/david.otasek/.m2/repository/com/ibm/icu/icu4j/72.1/icu4j-72.1.jar:/Users/david.otasek/.m2/repository/ca/uhn/hapi/fhir/org.hl7.fhir.dstu2/5.6.84/org.hl7.fhir.dstu2-5.6.84.jar:/Users/david.otasek/.m2/repository/ca/uhn/hapi/fhir/org.hl7.fhir.dstu2016may/5.6.84/org.hl7.fhir.dstu2016may-5.6.84.jar:/Users/david.otasek/.m2/repository/ca/uhn/hapi/fhir/org.hl7.fhir.dstu3/5.6.84/org.hl7.fhir.dstu3-5.6.84.jar:/Users/david.otasek/.m2/repository/ca/uhn/hapi/fhir/org.hl7.fhir.r4/5.6.84/org.hl7.fhir.r4-5.6.84.jar:/Users/david.otasek/.m2/repository/ca/uhn/hapi/fhir/org.hl7.fhir.r5/5.6.84/org.hl7.fhir.r5-5.6.84.jar:/Users/david.otasek/.m2/repository/ca/uhn/hapi/fhir/org.hl7.fhir.convertors/5.6.84/org.hl7.fhir.convertors-5.6.84.jar:/Users/david.otasek/.m2/repository/ca/uhn/hapi/fhir/org.hl7.fhir.r4b/5.6.84/org.hl7.fhir.r4b-5.6.84.jar:/Users/david.otasek/.m2/repository/net/sf/saxon/Saxon-HE/9.8.0-15/Saxon-HE-9.8.0-15.jar:/Users/david.otasek/.m2/repository/xpp3/xpp3/1.1.4c/xpp3-1.1.4c.jar:/Users/david.otasek/.m2/repository/xpp3/xpp3_xpath/1.1.4c/xpp3_xpath-1.1.4c.jar:/Users/david.otasek/.m2/repository/com/google/code/gson/gson/2.8.6/gson-2.8.6.jar:/Users/david.otasek/.m2/repository/org/apache/commons/commons-compress/1.20/commons-compress-1.20.jar:/Users/david.otasek/.m2/repository/org/apache/httpcomponents/httpclient/4.5.13/httpclient-4.5.13.jar:/Users/david.otasek/.m2/repository/org/apache/httpcomponents/httpcore/4.4.13/httpcore-4.4.13.jar:/Users/david.otasek/.m2/repository/commons-logging/commons-logging/1.2/commons-logging-1.2.jar:/Users/david.otasek/.m2/repository/org/apache/commons/commons-collections4/4.4/commons-collections4-4.4.jar:/Users/david.otasek/.m2/repository/org/fhir/ucum/1.0.3/ucum-1.0.3.jar:/Users/david.otasek/.m2/repository/info/cqframework/cql/1.5.1/cql-1.5.1.jar:/Users/david.otasek/.m2/repository/org/antlr/antlr4-runtime/4.5/antlr4-runtime-4.5.jar:/Users/david.otasek/.m2/repository/info/cqframework/model/1.5.1/model-1.5.1.jar:/Users/david.otasek/.m2/repository/org/jvnet/jaxb2_commons/jaxb2-basics/0.12.0/jaxb2-basics-0.12.0.jar:/Users/david.otasek/.m2/repository/org/jvnet/jaxb2_commons/jaxb2-basics-runtime/0.12.0/jaxb2-basics-runtime-0.12.0.jar:/Users/david.otasek/.m2/repository/org/jvnet/jaxb2_commons/jaxb2-basics-tools/0.12.0/jaxb2-basics-tools-0.12.0.jar:/Users/david.otasek/.m2/repository/commons-beanutils/commons-beanutils/1.9.3/commons-beanutils-1.9.3.jar:/Users/david.otasek/.m2/repository/commons-collections/commons-collections/3.2.2/commons-collections-3.2.2.jar:/Users/david.otasek/.m2/repository/com/google/code/javaparser/javaparser/1.0.11/javaparser-1.0.11.jar:/Users/david.otasek/.m2/repository/jakarta/xml/bind/jakarta.xml.bind-api/2.3.3/jakarta.xml.bind-api-2.3.3.jar:/Users/david.otasek/.m2/repository/jakarta/activation/jakarta.activation-api/1.2.2/jakarta.activation-api-1.2.2.jar:/Users/david.otasek/.m2/repository/com/fasterxml/jackson/core/jackson-annotations/2.10.1/jackson-annotations-2.10.1.jar:/Users/david.otasek/.m2/repository/org/eclipse/persistence/org.eclipse.persistence.moxy/2.7.7/org.eclipse.persistence.moxy-2.7.7.jar:/Users/david.otasek/.m2/repository/org/eclipse/persistence/org.eclipse.persistence.core/2.7.7/org.eclipse.persistence.core-2.7.7.jar:/Users/david.otasek/.m2/repository/org/eclipse/persistence/org.eclipse.persistence.asm/2.7.7/org.eclipse.persistence.asm-2.7.7.jar:/Users/david.otasek/.m2/repository/info/cqframework/elm/1.5.1/elm-1.5.1.jar:/Users/david.otasek/.m2/repository/info/cqframework/cql-to-elm/1.5.1/cql-to-elm-1.5.1.jar:/Users/david.otasek/.m2/repository/net/sf/jopt-simple/jopt-simple/4.7/jopt-simple-4.7.jar:/Users/david.otasek/.m2/repository/com/fasterxml/jackson/module/jackson-module-jaxb-annotations/2.10.1/jackson-module-jaxb-annotations-2.10.1.jar:/Users/david.otasek/.m2/repository/info/cqframework/quick/1.5.1/quick-1.5.1.jar:/Users/david.otasek/.m2/repository/info/cqframework/qdm/1.5.1/qdm-1.5.1.jar:/Users/david.otasek/.m2/repository/com/fasterxml/jackson/core/jackson-databind/2.14.0-rc1/jackson-databind-2.14.0-rc1.jar:/Users/david.otasek/.m2/repository/com/fasterxml/jackson/core/jackson-core/2.14.0-rc1/jackson-core-2.14.0-rc1.jar:/Users/david.otasek/.m2/repository/org/thymeleaf/thymeleaf/3.0.9.RELEASE/thymeleaf-3.0.9.RELEASE.jar:/Users/david.otasek/.m2/repository/ognl/ognl/3.1.12/ognl-3.1.12.jar:/Users/david.otasek/.m2/repository/org/javassist/javassist/3.20.0-GA/javassist-3.20.0-GA.jar:/Users/david.otasek/.m2/repository/org/attoparser/attoparser/2.0.4.RELEASE/attoparser-2.0.4.RELEASE.jar:/Users/david.otasek/.m2/repository/org/unbescape/unbescape/1.1.5.RELEASE/unbescape-1.1.5.RELEASE.jar:/Users/david.otasek/.m2/repository/com/google/guava/guava/31.0.1-jre/guava-31.0.1-jre.jar:/Users/david.otasek/.m2/repository/com/google/guava/failureaccess/1.0.1/failureaccess-1.0.1.jar:/Users/david.otasek/.m2/repository/com/google/guava/listenablefuture/9999.0-empty-to-avoid-conflict-with-guava/listenablefuture-9999.0-empty-to-avoid-conflict-with-guava.jar:/Users/david.otasek/.m2/repository/org/checkerframework/checker-qual/3.12.0/checker-qual-3.12.0.jar:/Users/david.otasek/.m2/repository/com/google/errorprone/error_prone_annotations/2.7.1/error_prone_annotations-2.7.1.jar:/Users/david.otasek/.m2/repository/com/google/j2objc/j2objc-annotations/1.3/j2objc-annotations-1.3.jar:/Users/david.otasek/.m2/repository/org/junit/jupiter/junit-jupiter-engine/5.9.0/junit-jupiter-engine-5.9.0.jar:/Users/david.otasek/.m2/repository/org/junit/platform/junit-platform-engine/1.9.0/junit-platform-engine-1.9.0.jar:/Users/david.otasek/.m2/repository/org/opentest4j/opentest4j/1.2.0/opentest4j-1.2.0.jar:/Users/david.otasek/.m2/repository/org/junit/platform/junit-platform-commons/1.9.0/junit-platform-commons-1.9.0.jar:/Users/david.otasek/.m2/repository/org/junit/jupiter/junit-jupiter-api/5.9.0/junit-jupiter-api-5.9.0.jar:/Users/david.otasek/.m2/repository/org/apiguardian/apiguardian-api/1.1.2/apiguardian-api-1.1.2.jar:/Users/david.otasek/.m2/repository/org/hamcrest/hamcrest-library/2.2/hamcrest-library-2.2.jar:/Users/david.otasek/.m2/repository/org/hamcrest/hamcrest-core/2.2/hamcrest-core-2.2.jar:/Users/david.otasek/.m2/repository/org/hamcrest/hamcrest/2.2/hamcrest-2.2.jar:"/>
    <property name="java.vm.vendor" value="Eclipse Adoptium"/>
    <property name="sun.arch.data.model" value="64"/>
    <property name="java.vendor.url" value="https://adoptium.net/"/>
    <property name="os.name" value="Mac OS X"/>
    <property name="java.vm.specification.version" value="17"/>
    <property name="sun.java.launcher" value="SUN_STANDARD"/>
    <property name="user.country" value="CA"/>
    <property name="sun.boot.library.path" value="/Library/Java/JavaVirtualMachines/temurin-17.jdk/Contents/Home/lib"/>
    <property name="sun.java.command" value="/Users/david.otasek/IdeaFhirCoreLibraries/fhir-core-examples/target/surefire/surefirebooter11836079803571872390.jar /Users/david.otasek/IdeaFhirCoreLibraries/fhir-core-examples/target/surefire 2022-12-08T11-32-36_239-jvmRun1 surefire3295843845869067457tmp surefire_014116821528301893870tmp"/>
    <property name="jdk.debug" value="release"/>
    <property name="surefire.test.class.path" value="/Users/david.otasek/IdeaFhirCoreLibraries/fhir-core-examples/target/test-classes:/Users/david.otasek/IdeaFhirCoreLibraries/fhir-core-examples/target/classes:/Users/david.otasek/.m2/repository/ca/uhn/hapi/fhir/org.hl7.fhir.validation/5.6.84/org.hl7.fhir.validation-5.6.84.jar:/Users/david.otasek/.m2/repository/ca/uhn/hapi/fhir/hapi-fhir-base/5.4.0/hapi-fhir-base-5.4.0.jar:/Users/david.otasek/.m2/repository/org/apache/commons/commons-lang3/3.12.0/commons-lang3-3.12.0.jar:/Users/david.otasek/.m2/repository/org/apache/commons/commons-text/1.9/commons-text-1.9.jar:/Users/david.otasek/.m2/repository/commons-codec/commons-codec/1.15/commons-codec-1.15.jar:/Users/david.otasek/.m2/repository/commons-io/commons-io/2.8.0/commons-io-2.8.0.jar:/Users/david.otasek/.m2/repository/org/slf4j/slf4j-api/1.7.30/slf4j-api-1.7.30.jar:/Users/david.otasek/.m2/repository/org/slf4j/jcl-over-slf4j/1.7.30/jcl-over-slf4j-1.7.30.jar:/Users/david.otasek/.m2/repository/com/google/code/findbugs/jsr305/3.0.2/jsr305-3.0.2.jar:/Users/david.otasek/.m2/repository/ca/uhn/hapi/fhir/org.hl7.fhir.utilities/5.6.84/org.hl7.fhir.utilities-5.6.84.jar:/Users/david.otasek/.m2/repository/com/ibm/icu/icu4j/72.1/icu4j-72.1.jar:/Users/david.otasek/.m2/repository/ca/uhn/hapi/fhir/org.hl7.fhir.dstu2/5.6.84/org.hl7.fhir.dstu2-5.6.84.jar:/Users/david.otasek/.m2/repository/ca/uhn/hapi/fhir/org.hl7.fhir.dstu2016may/5.6.84/org.hl7.fhir.dstu2016may-5.6.84.jar:/Users/david.otasek/.m2/repository/ca/uhn/hapi/fhir/org.hl7.fhir.dstu3/5.6.84/org.hl7.fhir.dstu3-5.6.84.jar:/Users/david.otasek/.m2/repository/ca/uhn/hapi/fhir/org.hl7.fhir.r4/5.6.84/org.hl7.fhir.r4-5.6.84.jar:/Users/david.otasek/.m2/repository/ca/uhn/hapi/fhir/org.hl7.fhir.r5/5.6.84/org.hl7.fhir.r5-5.6.84.jar:/Users/david.otasek/.m2/repository/ca/uhn/hapi/fhir/org.hl7.fhir.convertors/5.6.84/org.hl7.fhir.convertors-5.6.84.jar:/Users/david.otasek/.m2/repository/ca/uhn/hapi/fhir/org.hl7.fhir.r4b/5.6.84/org.hl7.fhir.r4b-5.6.84.jar:/Users/david.otasek/.m2/repository/net/sf/saxon/Saxon-HE/9.8.0-15/Saxon-HE-9.8.0-15.jar:/Users/david.otasek/.m2/repository/xpp3/xpp3/1.1.4c/xpp3-1.1.4c.jar:/Users/david.otasek/.m2/repository/xpp3/xpp3_xpath/1.1.4c/xpp3_xpath-1.1.4c.jar:/Users/david.otasek/.m2/repository/com/google/code/gson/gson/2.8.6/gson-2.8.6.jar:/Users/david.otasek/.m2/repository/org/apache/commons/commons-compress/1.20/commons-compress-1.20.jar:/Users/david.otasek/.m2/repository/org/apache/httpcomponents/httpclient/4.5.13/httpclient-4.5.13.jar:/Users/david.otasek/.m2/repository/org/apache/httpcomponents/httpcore/4.4.13/httpcore-4.4.13.jar:/Users/david.otasek/.m2/repository/commons-logging/commons-logging/1.2/commons-logging-1.2.jar:/Users/david.otasek/.m2/repository/org/apache/commons/commons-collections4/4.4/commons-collections4-4.4.jar:/Users/david.otasek/.m2/repository/org/fhir/ucum/1.0.3/ucum-1.0.3.jar:/Users/david.otasek/.m2/repository/info/cqframework/cql/1.5.1/cql-1.5.1.jar:/Users/david.otasek/.m2/repository/org/antlr/antlr4-runtime/4.5/antlr4-runtime-4.5.jar:/Users/david.otasek/.m2/repository/info/cqframework/model/1.5.1/model-1.5.1.jar:/Users/david.otasek/.m2/repository/org/jvnet/jaxb2_commons/jaxb2-basics/0.12.0/jaxb2-basics-0.12.0.jar:/Users/david.otasek/.m2/repository/org/jvnet/jaxb2_commons/jaxb2-basics-runtime/0.12.0/jaxb2-basics-runtime-0.12.0.jar:/Users/david.otasek/.m2/repository/org/jvnet/jaxb2_commons/jaxb2-basics-tools/0.12.0/jaxb2-basics-tools-0.12.0.jar:/Users/david.otasek/.m2/repository/commons-beanutils/commons-beanutils/1.9.3/commons-beanutils-1.9.3.jar:/Users/david.otasek/.m2/repository/commons-collections/commons-collections/3.2.2/commons-collections-3.2.2.jar:/Users/david.otasek/.m2/repository/com/google/code/javaparser/javaparser/1.0.11/javaparser-1.0.11.jar:/Users/david.otasek/.m2/repository/jakarta/xml/bind/jakarta.xml.bind-api/2.3.3/jakarta.xml.bind-api-2.3.3.jar:/Users/david.otasek/.m2/repository/jakarta/activation/jakarta.activation-api/1.2.2/jakarta.activation-api-1.2.2.jar:/Users/david.otasek/.m2/repository/com/fasterxml/jackson/core/jackson-annotations/2.10.1/jackson-annotations-2.10.1.jar:/Users/david.otasek/.m2/repository/org/eclipse/persistence/org.eclipse.persistence.moxy/2.7.7/org.eclipse.persistence.moxy-2.7.7.jar:/Users/david.otasek/.m2/repository/org/eclipse/persistence/org.eclipse.persistence.core/2.7.7/org.eclipse.persistence.core-2.7.7.jar:/Users/david.otasek/.m2/repository/org/eclipse/persistence/org.eclipse.persistence.asm/2.7.7/org.eclipse.persistence.asm-2.7.7.jar:/Users/david.otasek/.m2/repository/info/cqframework/elm/1.5.1/elm-1.5.1.jar:/Users/david.otasek/.m2/repository/info/cqframework/cql-to-elm/1.5.1/cql-to-elm-1.5.1.jar:/Users/david.otasek/.m2/repository/net/sf/jopt-simple/jopt-simple/4.7/jopt-simple-4.7.jar:/Users/david.otasek/.m2/repository/com/fasterxml/jackson/module/jackson-module-jaxb-annotations/2.10.1/jackson-module-jaxb-annotations-2.10.1.jar:/Users/david.otasek/.m2/repository/info/cqframework/quick/1.5.1/quick-1.5.1.jar:/Users/david.otasek/.m2/repository/info/cqframework/qdm/1.5.1/qdm-1.5.1.jar:/Users/david.otasek/.m2/repository/com/fasterxml/jackson/core/jackson-databind/2.14.0-rc1/jackson-databind-2.14.0-rc1.jar:/Users/david.otasek/.m2/repository/com/fasterxml/jackson/core/jackson-core/2.14.0-rc1/jackson-core-2.14.0-rc1.jar:/Users/david.otasek/.m2/repository/org/thymeleaf/thymeleaf/3.0.9.RELEASE/thymeleaf-3.0.9.RELEASE.jar:/Users/david.otasek/.m2/repository/ognl/ognl/3.1.12/ognl-3.1.12.jar:/Users/david.otasek/.m2/repository/org/javassist/javassist/3.20.0-GA/javassist-3.20.0-GA.jar:/Users/david.otasek/.m2/repository/org/attoparser/attoparser/2.0.4.RELEASE/attoparser-2.0.4.RELEASE.jar:/Users/david.otasek/.m2/repository/org/unbescape/unbescape/1.1.5.RELEASE/unbescape-1.1.5.RELEASE.jar:/Users/david.otasek/.m2/repository/com/google/guava/guava/31.0.1-jre/guava-31.0.1-jre.jar:/Users/david.otasek/.m2/repository/com/google/guava/failureaccess/1.0.1/failureaccess-1.0.1.jar:/Users/david.otasek/.m2/repository/com/google/guava/listenablefuture/9999.0-empty-to-avoid-conflict-with-guava/listenablefuture-9999.0-empty-to-avoid-conflict-with-guava.jar:/Users/david.otasek/.m2/repository/org/checkerframework/checker-qual/3.12.0/checker-qual-3.12.0.jar:/Users/david.otasek/.m2/repository/com/google/errorprone/error_prone_annotations/2.7.1/error_prone_annotations-2.7.1.jar:/Users/david.otasek/.m2/repository/com/google/j2objc/j2objc-annotations/1.3/j2objc-annotations-1.3.jar:/Users/david.otasek/.m2/repository/org/junit/jupiter/junit-jupiter-engine/5.9.0/junit-jupiter-engine-5.9.0.jar:/Users/david.otasek/.m2/repository/org/junit/platform/junit-platform-engine/1.9.0/junit-platform-engine-1.9.0.jar:/Users/david.otasek/.m2/repository/org/opentest4j/opentest4j/1.2.0/opentest4j-1.2.0.jar:/Users/david.otasek/.m2/repository/org/junit/platform/junit-platform-commons/1.9.0/junit-platform-commons-1.9.0.jar:/Users/david.otasek/.m2/repository/org/junit/jupiter/junit-jupiter-api/5.9.0/junit-jupiter-api-5.9.0.jar:/Users/david.otasek/.m2/repository/org/apiguardian/apiguardian-api/1.1.2/apiguardian-api-1.1.2.jar:/Users/david.otasek/.m2/repository/org/hamcrest/hamcrest-library/2.2/hamcrest-library-2.2.jar:/Users/david.otasek/.m2/repository/org/hamcrest/hamcrest-core/2.2/hamcrest-core-2.2.jar:/Users/david.otasek/.m2/repository/org/hamcrest/hamcrest/2.2/hamcrest-2.2.jar:"/>
    <property name="sun.cpu.endian" value="little"/>
    <property name="user.home" value="/Users/david.otasek"/>
    <property name="user.language" value="en"/>
    <property name="java.specification.vendor" value="Oracle Corporation"/>
    <property name="java.version.date" value="2022-08-12"/>
    <property name="java.home" value="/Library/Java/JavaVirtualMachines/temurin-17.jdk/Contents/Home"/>
    <property name="file.separator" value="/"/>
    <property name="basedir" value="/Users/david.otasek/IdeaFhirCoreLibraries/fhir-core-examples"/>
    <property name="java.vm.compressedOopsMode" value="Zero based"/>
    <property name="line.separator" value="&#10;"/>
    <property name="java.vm.specification.vendor" value="Oracle Corporation"/>
    <property name="java.specification.name" value="Java Platform API Specification"/>
    <property name="surefire.real.class.path" value="/Users/david.otasek/IdeaFhirCoreLibraries/fhir-core-examples/target/surefire/surefirebooter11836079803571872390.jar"/>
    <property name="sun.management.compiler" value="HotSpot 64-Bit Tiered Compilers"/>
    <property name="java.runtime.version" value="17.0.4.1+1"/>
    <property name="user.name" value="david.otasek"/>
    <property name="path.separator" value=":"/>
    <property name="os.version" value="13.0.1"/>
    <property name="java.runtime.name" value="OpenJDK Runtime Environment"/>
    <property name="file.encoding" value="UTF-8"/>
    <property name="java.vm.name" value="OpenJDK 64-Bit Server VM"/>
    <property name="java.vendor.version" value="Temurin-17.0.4.1+1"/>
    <property name="localRepository" value="/Users/david.otasek/.m2/repository"/>
    <property name="java.vendor.url.bug" value="https://github.com/adoptium/adoptium-support/issues"/>
    <property name="java.io.tmpdir" value="/var/folders/3g/bqtb98z97c398m9f_b2k3rbc0000gn/T/"/>
    <property name="idea.version" value="2022.2.3"/>
    <property name="java.version" value="17.0.4.1"/>
    <property name="user.dir" value="/Users/david.otasek/IdeaFhirCoreLibraries/fhir-core-examples"/>
    <property name="os.arch" value="aarch64"/>
    <property name="java.vm.specification.name" value="Java Virtual Machine Specification"/>
    <property name="native.encoding" value="UTF-8"/>
    <property name="java.library.path" value="/Users/david.otasek/Library/Java/Extensions:/Library/Java/Extensions:/Network/Library/Java/Extensions:/System/Library/Java/Extensions:/usr/lib/java:."/>
    <property name="java.vm.info" value="mixed mode"/>
    <property name="java.vendor" value="Eclipse Adoptium"/>
    <property name="java.vm.version" value="17.0.4.1+1"/>
    <property name="sun.io.unicode.encoding" value="UnicodeBig"/>
    <property name="java.class.version" value="61.0"/>
  </properties>
  <testcase name="validateWithUSCoreIGAndPatientProfile" classname="org.hl7.fhir.examples.validation.ValidationEngineTest" time="0.002">
    <error type="java.lang.NullPointerException"><![CDATA[java.lang.NullPointerException: Cannot invoke "java.net.URL.getFile()" because the return value of "java.lang.ClassLoader.getResource(String)" is null
	at org.hl7.fhir.examples.validation.ValidationEngineTest.<init>(ValidationEngineTest.java:26)
]]></error>
  </testcase>
</testsuite>